<?xml version="1.0" encoding="UTF-8"?>
<!-- Generated by org.testng.reporters.JUnitReportReporter -->
<testsuite skipped="0" hostname="Sahebstua" name="rsaha.learn.SelTesting.SamTest" tests="1" failures="0" timestamp="15 Jun 2020 18:07:59 GMT" time="23.604" errors="0">
  <testcase name="TestMthd" time="23.604" classname="rsaha.learn.SelTesting.SamTest"/>
</testsuite> <!-- rsaha.learn.SelTesting.SamTest -->
